[2019-08-03 18:02:22,037] DEBUG preRegister called. Server=com.sun.jmx.mbeanserver.JmxMBeanServer@66d3c617, name=log4j:logger=state.change.logger (state.change.logger)
[2019-08-03 18:02:53,676] DEBUG preRegister called. Server=com.sun.jmx.mbeanserver.JmxMBeanServer@66d3c617, name=log4j:logger=state.change.logger (state.change.logger)
[2019-08-03 18:48:46,215] TRACE [Controller id=0 epoch=1] Received response {error_code=0} for request UPDATE_METADATA with correlation id 0 sent to broker DESKTOP-41AHJ2O:9092 (id: 0 rack: null) (state.change.logger)
[2019-08-03 18:50:06,656] TRACE [Controller id=0 epoch=2] Received response {error_code=0} for request UPDATE_METADATA with correlation id 0 sent to broker DESKTOP-41AHJ2O:9092 (id: 0 rack: null) (state.change.logger)
[2019-08-03 18:52:32,755] TRACE [Controller id=0 epoch=3] Received response {error_code=0} for request UPDATE_METADATA with correlation id 0 sent to broker DESKTOP-41AHJ2O:9092 (id: 0 rack: null) (state.change.logger)
[2019-08-03 18:56:17,682] TRACE [Controller id=0 epoch=3] Changed partition phongdotestkafka03082019-0 state from NonExistentPartition to NewPartition with assigned replicas 0 (state.change.logger)
[2019-08-03 18:56:17,755] TRACE [Controller id=0 epoch=3] Changed state of replica 0 for partition phongdotestkafka03082019-0 from NonExistentReplica to NewReplica (state.change.logger)
[2019-08-03 18:56:17,930] TRACE [Controller id=0 epoch=3] Changed partition phongdotestkafka03082019-0 from NewPartition to OnlinePartition with state LeaderAndIsr(leader=0, leaderEpoch=0, isr=List(0), zkVersion=0) (state.change.logger)
[2019-08-03 18:56:17,931] TRACE [Controller id=0 epoch=3] Sending become-leader LeaderAndIsr request PartitionState(controllerEpoch=3, leader=0, leaderEpoch=0, isr=0, zkVersion=0, replicas=0, isNew=true) to broker 0 for partition phongdotestkafka03082019-0 (state.change.logger)
[2019-08-03 18:56:17,934] TRACE [Controller id=0 epoch=3] Sending UpdateMetadata request PartitionState(controllerEpoch=3, leader=0, leaderEpoch=0, isr=[0], zkVersion=0, replicas=[0], offlineReplicas=[]) to brokers Set(0) for partition phongdotestkafka03082019-0 (state.change.logger)
[2019-08-03 18:56:17,935] TRACE [Controller id=0 epoch=3] Changed state of replica 0 for partition phongdotestkafka03082019-0 from NewReplica to OnlineReplica (state.change.logger)
[2019-08-03 18:56:17,938] TRACE [Broker id=0] Received LeaderAndIsr request PartitionState(controllerEpoch=3, leader=0, leaderEpoch=0, isr=0, zkVersion=0, replicas=0, isNew=true) correlation id 1 from controller 0 epoch 3 for partition phongdotestkafka03082019-0 (state.change.logger)
[2019-08-03 18:56:17,943] TRACE [Broker id=0] Handling LeaderAndIsr request correlationId 1 from controller 0 epoch 3 starting the become-leader transition for partition phongdotestkafka03082019-0 (state.change.logger)
[2019-08-03 18:56:18,286] TRACE [Broker id=0] Stopped fetchers as part of become-leader request from controller 0 epoch 3 with correlation id 1 for partition phongdotestkafka03082019-0 (last update controller epoch 3) (state.change.logger)
[2019-08-03 18:56:18,288] TRACE [Broker id=0] Completed LeaderAndIsr request correlationId 1 from controller 0 epoch 3 for the become-leader transition for partition phongdotestkafka03082019-0 (state.change.logger)
[2019-08-03 18:56:18,303] TRACE [Controller id=0 epoch=3] Received response {error_code=0,partitions=[{topic=phongdotestkafka03082019,partition=0,error_code=0}]} for request LEADER_AND_ISR with correlation id 1 sent to broker DESKTOP-41AHJ2O:9092 (id: 0 rack: null) (state.change.logger)
[2019-08-03 18:56:18,442] TRACE [Broker id=0] Cached leader info PartitionState(controllerEpoch=3, leader=0, leaderEpoch=0, isr=[0], zkVersion=0, replicas=[0], offlineReplicas=[]) for partition phongdotestkafka03082019-0 in response to UpdateMetadata request sent by controller 0 epoch 3 with correlation id 2 (state.change.logger)
[2019-08-03 18:56:18,443] TRACE [Controller id=0 epoch=3] Received response {error_code=0} for request UPDATE_METADATA with correlation id 2 sent to broker DESKTOP-41AHJ2O:9092 (id: 0 rack: null) (state.change.logger)
[2019-08-03 19:08:12,217] TRACE [Controller id=0 epoch=3] Changed partition __consumer_offsets-0 state from NonExistentPartition to NewPartition with assigned replicas 0 (state.change.logger)
[2019-08-03 19:08:12,230] TRACE [Controller id=0 epoch=3] Changed state of replica 0 for partition __consumer_offsets-0 from NonExistentReplica to NewReplica (state.change.logger)
[2019-08-03 19:08:12,354] TRACE [Controller id=0 epoch=3] Changed partition __consumer_offsets-0 from NewPartition to OnlinePartition with state LeaderAndIsr(leader=0, leaderEpoch=0, isr=List(0), zkVersion=0) (state.change.logger)
[2019-08-03 19:08:12,354] TRACE [Controller id=0 epoch=3] Sending become-leader LeaderAndIsr request PartitionState(controllerEpoch=3, leader=0, leaderEpoch=0, isr=0, zkVersion=0, replicas=0, isNew=true) to broker 0 for partition __consumer_offsets-0 (state.change.logger)
[2019-08-03 19:08:12,354] TRACE [Controller id=0 epoch=3] Sending UpdateMetadata request PartitionState(controllerEpoch=3, leader=0, leaderEpoch=0, isr=[0], zkVersion=0, replicas=[0], offlineReplicas=[]) to brokers Set(0) for partition __consumer_offsets-0 (state.change.logger)
[2019-08-03 19:08:12,355] TRACE [Controller id=0 epoch=3] Changed state of replica 0 for partition __consumer_offsets-0 from NewReplica to OnlineReplica (state.change.logger)
[2019-08-03 19:08:12,360] TRACE [Broker id=0] Received LeaderAndIsr request PartitionState(controllerEpoch=3, leader=0, leaderEpoch=0, isr=0, zkVersion=0, replicas=0, isNew=true) correlation id 3 from controller 0 epoch 3 for partition __consumer_offsets-0 (state.change.logger)
[2019-08-03 19:08:12,361] TRACE [Broker id=0] Handling LeaderAndIsr request correlationId 3 from controller 0 epoch 3 starting the become-leader transition for partition __consumer_offsets-0 (state.change.logger)
[2019-08-03 19:08:12,473] TRACE [Broker id=0] Stopped fetchers as part of become-leader request from controller 0 epoch 3 with correlation id 3 for partition __consumer_offsets-0 (last update controller epoch 3) (state.change.logger)
[2019-08-03 19:08:12,473] TRACE [Broker id=0] Completed LeaderAndIsr request correlationId 3 from controller 0 epoch 3 for the become-leader transition for partition __consumer_offsets-0 (state.change.logger)
[2019-08-03 19:08:12,481] TRACE [Controller id=0 epoch=3] Received response {error_code=0,partitions=[{topic=__consumer_offsets,partition=0,error_code=0}]} for request LEADER_AND_ISR with correlation id 3 sent to broker DESKTOP-41AHJ2O:9092 (id: 0 rack: null) (state.change.logger)
[2019-08-03 19:08:12,484] TRACE [Broker id=0] Cached leader info PartitionState(controllerEpoch=3, leader=0, leaderEpoch=0, isr=[0], zkVersion=0, replicas=[0], offlineReplicas=[]) for partition __consumer_offsets-0 in response to UpdateMetadata request sent by controller 0 epoch 3 with correlation id 4 (state.change.logger)
[2019-08-03 19:08:12,486] TRACE [Controller id=0 epoch=3] Received response {error_code=0} for request UPDATE_METADATA with correlation id 4 sent to broker DESKTOP-41AHJ2O:9092 (id: 0 rack: null) (state.change.logger)
[2019-08-03 20:13:01,495] TRACE [Controller id=0 epoch=3] Changed partition phongtest-0 state from NonExistentPartition to NewPartition with assigned replicas 0 (state.change.logger)
[2019-08-03 20:13:01,499] TRACE [Controller id=0 epoch=3] Changed state of replica 0 for partition phongtest-0 from NonExistentReplica to NewReplica (state.change.logger)
[2019-08-03 20:13:01,645] TRACE [Controller id=0 epoch=3] Changed partition phongtest-0 from NewPartition to OnlinePartition with state LeaderAndIsr(leader=0, leaderEpoch=0, isr=List(0), zkVersion=0) (state.change.logger)
[2019-08-03 20:13:01,646] TRACE [Controller id=0 epoch=3] Sending become-leader LeaderAndIsr request PartitionState(controllerEpoch=3, leader=0, leaderEpoch=0, isr=0, zkVersion=0, replicas=0, isNew=true) to broker 0 for partition phongtest-0 (state.change.logger)
[2019-08-03 20:13:01,646] TRACE [Controller id=0 epoch=3] Sending UpdateMetadata request PartitionState(controllerEpoch=3, leader=0, leaderEpoch=0, isr=[0], zkVersion=0, replicas=[0], offlineReplicas=[]) to brokers Set(0) for partition phongtest-0 (state.change.logger)
[2019-08-03 20:13:01,648] TRACE [Controller id=0 epoch=3] Changed state of replica 0 for partition phongtest-0 from NewReplica to OnlineReplica (state.change.logger)
[2019-08-03 20:13:01,655] TRACE [Broker id=0] Received LeaderAndIsr request PartitionState(controllerEpoch=3, leader=0, leaderEpoch=0, isr=0, zkVersion=0, replicas=0, isNew=true) correlation id 5 from controller 0 epoch 3 for partition phongtest-0 (state.change.logger)
[2019-08-03 20:13:01,658] TRACE [Broker id=0] Handling LeaderAndIsr request correlationId 5 from controller 0 epoch 3 starting the become-leader transition for partition phongtest-0 (state.change.logger)
[2019-08-03 20:13:01,762] TRACE [Broker id=0] Stopped fetchers as part of become-leader request from controller 0 epoch 3 with correlation id 5 for partition phongtest-0 (last update controller epoch 3) (state.change.logger)
[2019-08-03 20:13:01,762] TRACE [Broker id=0] Completed LeaderAndIsr request correlationId 5 from controller 0 epoch 3 for the become-leader transition for partition phongtest-0 (state.change.logger)
[2019-08-03 20:13:01,763] TRACE [Controller id=0 epoch=3] Received response {error_code=0,partitions=[{topic=phongtest,partition=0,error_code=0}]} for request LEADER_AND_ISR with correlation id 5 sent to broker DESKTOP-41AHJ2O:9092 (id: 0 rack: null) (state.change.logger)
[2019-08-03 20:13:01,763] TRACE [Broker id=0] Cached leader info PartitionState(controllerEpoch=3, leader=0, leaderEpoch=0, isr=[0], zkVersion=0, replicas=[0], offlineReplicas=[]) for partition phongtest-0 in response to UpdateMetadata request sent by controller 0 epoch 3 with correlation id 6 (state.change.logger)
[2019-08-03 20:13:01,764] TRACE [Controller id=0 epoch=3] Received response {error_code=0} for request UPDATE_METADATA with correlation id 6 sent to broker DESKTOP-41AHJ2O:9092 (id: 0 rack: null) (state.change.logger)
[2019-08-03 20:28:03,842] DEBUG preRegister called. Server=com.sun.jmx.mbeanserver.JmxMBeanServer@66d3c617, name=log4j:logger=state.change.logger (state.change.logger)
[2019-08-03 20:29:08,205] TRACE [Controller id=0 epoch=4] Changed state of replica 0 for partition phongdotestkafka03082019-0 from OnlineReplica to OnlineReplica (state.change.logger)
[2019-08-03 20:29:08,206] TRACE [Controller id=0 epoch=4] Changed state of replica 0 for partition phongtest-0 from OnlineReplica to OnlineReplica (state.change.logger)
[2019-08-03 20:29:08,206] TRACE [Controller id=0 epoch=4] Changed state of replica 0 for partition __consumer_offsets-0 from OnlineReplica to OnlineReplica (state.change.logger)
[2019-08-03 20:29:08,207] TRACE [Controller id=0 epoch=4] Sending become-leader LeaderAndIsr request PartitionState(controllerEpoch=3, leader=0, leaderEpoch=0, isr=0, zkVersion=0, replicas=0, isNew=false) to broker 0 for partition phongdotestkafka03082019-0 (state.change.logger)
[2019-08-03 20:29:08,207] TRACE [Controller id=0 epoch=4] Sending become-leader LeaderAndIsr request PartitionState(controllerEpoch=3, leader=0, leaderEpoch=0, isr=0, zkVersion=0, replicas=0, isNew=false) to broker 0 for partition __consumer_offsets-0 (state.change.logger)
[2019-08-03 20:29:08,207] TRACE [Controller id=0 epoch=4] Sending become-leader LeaderAndIsr request PartitionState(controllerEpoch=3, leader=0, leaderEpoch=0, isr=0, zkVersion=0, replicas=0, isNew=false) to broker 0 for partition phongtest-0 (state.change.logger)
[2019-08-03 20:29:08,209] TRACE [Controller id=0 epoch=4] Sending UpdateMetadata request PartitionState(controllerEpoch=3, leader=0, leaderEpoch=0, isr=[0], zkVersion=0, replicas=[0], offlineReplicas=[]) to brokers Set(0) for partition phongdotestkafka03082019-0 (state.change.logger)
[2019-08-03 20:29:08,209] TRACE [Controller id=0 epoch=4] Sending UpdateMetadata request PartitionState(controllerEpoch=3, leader=0, leaderEpoch=0, isr=[0], zkVersion=0, replicas=[0], offlineReplicas=[]) to brokers Set(0) for partition __consumer_offsets-0 (state.change.logger)
[2019-08-03 20:29:08,209] TRACE [Controller id=0 epoch=4] Sending UpdateMetadata request PartitionState(controllerEpoch=3, leader=0, leaderEpoch=0, isr=[0], zkVersion=0, replicas=[0], offlineReplicas=[]) to brokers Set(0) for partition phongtest-0 (state.change.logger)
[2019-08-03 20:29:08,240] TRACE [Controller id=0 epoch=4] Received response {error_code=0} for request UPDATE_METADATA with correlation id 0 sent to broker DESKTOP-41AHJ2O:9092 (id: 0 rack: null) (state.change.logger)
[2019-08-03 20:29:08,244] TRACE [Broker id=0] Received LeaderAndIsr request PartitionState(controllerEpoch=3, leader=0, leaderEpoch=0, isr=0, zkVersion=0, replicas=0, isNew=false) correlation id 1 from controller 0 epoch 4 for partition phongdotestkafka03082019-0 (state.change.logger)
[2019-08-03 20:29:08,244] TRACE [Broker id=0] Received LeaderAndIsr request PartitionState(controllerEpoch=3, leader=0, leaderEpoch=0, isr=0, zkVersion=0, replicas=0, isNew=false) correlation id 1 from controller 0 epoch 4 for partition __consumer_offsets-0 (state.change.logger)
[2019-08-03 20:29:08,244] TRACE [Broker id=0] Received LeaderAndIsr request PartitionState(controllerEpoch=3, leader=0, leaderEpoch=0, isr=0, zkVersion=0, replicas=0, isNew=false) correlation id 1 from controller 0 epoch 4 for partition phongtest-0 (state.change.logger)
[2019-08-03 20:29:08,248] TRACE [Broker id=0] Handling LeaderAndIsr request correlationId 1 from controller 0 epoch 4 starting the become-leader transition for partition __consumer_offsets-0 (state.change.logger)
[2019-08-03 20:29:08,249] TRACE [Broker id=0] Handling LeaderAndIsr request correlationId 1 from controller 0 epoch 4 starting the become-leader transition for partition phongdotestkafka03082019-0 (state.change.logger)
[2019-08-03 20:29:08,249] TRACE [Broker id=0] Handling LeaderAndIsr request correlationId 1 from controller 0 epoch 4 starting the become-leader transition for partition phongtest-0 (state.change.logger)
[2019-08-03 20:29:08,271] TRACE [Broker id=0] Stopped fetchers as part of become-leader request from controller 0 epoch 4 with correlation id 1 for partition __consumer_offsets-0 (last update controller epoch 3) (state.change.logger)
[2019-08-03 20:29:08,274] TRACE [Broker id=0] Stopped fetchers as part of become-leader request from controller 0 epoch 4 with correlation id 1 for partition phongdotestkafka03082019-0 (last update controller epoch 3) (state.change.logger)
[2019-08-03 20:29:08,318] TRACE [Broker id=0] Stopped fetchers as part of become-leader request from controller 0 epoch 4 with correlation id 1 for partition phongtest-0 (last update controller epoch 3) (state.change.logger)
[2019-08-03 20:29:08,318] TRACE [Broker id=0] Completed LeaderAndIsr request correlationId 1 from controller 0 epoch 4 for the become-leader transition for partition __consumer_offsets-0 (state.change.logger)
[2019-08-03 20:29:08,318] TRACE [Broker id=0] Completed LeaderAndIsr request correlationId 1 from controller 0 epoch 4 for the become-leader transition for partition phongdotestkafka03082019-0 (state.change.logger)
[2019-08-03 20:29:08,319] TRACE [Broker id=0] Completed LeaderAndIsr request correlationId 1 from controller 0 epoch 4 for the become-leader transition for partition phongtest-0 (state.change.logger)
[2019-08-03 20:29:08,326] TRACE [Controller id=0 epoch=4] Received response {error_code=0,partitions=[{topic=phongdotestkafka03082019,partition=0,error_code=0},{topic=__consumer_offsets,partition=0,error_code=0},{topic=phongtest,partition=0,error_code=0}]} for request LEADER_AND_ISR with correlation id 1 sent to broker DESKTOP-41AHJ2O:9092 (id: 0 rack: null) (state.change.logger)
[2019-08-03 20:29:08,331] TRACE [Broker id=0] Cached leader info PartitionState(controllerEpoch=3, leader=0, leaderEpoch=0, isr=[0], zkVersion=0, replicas=[0], offlineReplicas=[]) for partition phongdotestkafka03082019-0 in response to UpdateMetadata request sent by controller 0 epoch 4 with correlation id 2 (state.change.logger)
[2019-08-03 20:29:08,331] TRACE [Broker id=0] Cached leader info PartitionState(controllerEpoch=3, leader=0, leaderEpoch=0, isr=[0], zkVersion=0, replicas=[0], offlineReplicas=[]) for partition __consumer_offsets-0 in response to UpdateMetadata request sent by controller 0 epoch 4 with correlation id 2 (state.change.logger)
[2019-08-03 20:29:08,331] TRACE [Broker id=0] Cached leader info PartitionState(controllerEpoch=3, leader=0, leaderEpoch=0, isr=[0], zkVersion=0, replicas=[0], offlineReplicas=[]) for partition phongtest-0 in response to UpdateMetadata request sent by controller 0 epoch 4 with correlation id 2 (state.change.logger)
[2019-08-03 20:29:08,332] TRACE [Controller id=0 epoch=4] Received response {error_code=0} for request UPDATE_METADATA with correlation id 2 sent to broker DESKTOP-41AHJ2O:9092 (id: 0 rack: null) (state.change.logger)
[2019-08-03 20:32:23,501] TRACE [Controller id=0 epoch=4] Changed partition saxovntest1-0 state from NonExistentPartition to NewPartition with assigned replicas 0 (state.change.logger)
[2019-08-03 20:32:23,502] TRACE [Controller id=0 epoch=4] Changed state of replica 0 for partition saxovntest1-0 from NonExistentReplica to NewReplica (state.change.logger)
[2019-08-03 20:32:23,633] TRACE [Controller id=0 epoch=4] Changed partition saxovntest1-0 from NewPartition to OnlinePartition with state LeaderAndIsr(leader=0, leaderEpoch=0, isr=List(0), zkVersion=0) (state.change.logger)
[2019-08-03 20:32:23,634] TRACE [Controller id=0 epoch=4] Sending become-leader LeaderAndIsr request PartitionState(controllerEpoch=4, leader=0, leaderEpoch=0, isr=0, zkVersion=0, replicas=0, isNew=true) to broker 0 for partition saxovntest1-0 (state.change.logger)
[2019-08-03 20:32:23,635] TRACE [Controller id=0 epoch=4] Sending UpdateMetadata request PartitionState(controllerEpoch=4, leader=0, leaderEpoch=0, isr=[0], zkVersion=0, replicas=[0], offlineReplicas=[]) to brokers Set(0) for partition saxovntest1-0 (state.change.logger)
[2019-08-03 20:32:23,636] TRACE [Controller id=0 epoch=4] Changed state of replica 0 for partition saxovntest1-0 from NewReplica to OnlineReplica (state.change.logger)
[2019-08-03 20:32:23,637] TRACE [Broker id=0] Received LeaderAndIsr request PartitionState(controllerEpoch=4, leader=0, leaderEpoch=0, isr=0, zkVersion=0, replicas=0, isNew=true) correlation id 3 from controller 0 epoch 4 for partition saxovntest1-0 (state.change.logger)
[2019-08-03 20:32:23,640] TRACE [Broker id=0] Handling LeaderAndIsr request correlationId 3 from controller 0 epoch 4 starting the become-leader transition for partition saxovntest1-0 (state.change.logger)
[2019-08-03 20:32:23,746] TRACE [Broker id=0] Stopped fetchers as part of become-leader request from controller 0 epoch 4 with correlation id 3 for partition saxovntest1-0 (last update controller epoch 4) (state.change.logger)
[2019-08-03 20:32:23,746] TRACE [Broker id=0] Completed LeaderAndIsr request correlationId 3 from controller 0 epoch 4 for the become-leader transition for partition saxovntest1-0 (state.change.logger)
[2019-08-03 20:32:23,746] TRACE [Controller id=0 epoch=4] Received response {error_code=0,partitions=[{topic=saxovntest1,partition=0,error_code=0}]} for request LEADER_AND_ISR with correlation id 3 sent to broker DESKTOP-41AHJ2O:9092 (id: 0 rack: null) (state.change.logger)
[2019-08-03 20:32:23,747] TRACE [Broker id=0] Cached leader info PartitionState(controllerEpoch=4, leader=0, leaderEpoch=0, isr=[0], zkVersion=0, replicas=[0], offlineReplicas=[]) for partition saxovntest1-0 in response to UpdateMetadata request sent by controller 0 epoch 4 with correlation id 4 (state.change.logger)
[2019-08-03 20:32:23,748] TRACE [Controller id=0 epoch=4] Received response {error_code=0} for request UPDATE_METADATA with correlation id 4 sent to broker DESKTOP-41AHJ2O:9092 (id: 0 rack: null) (state.change.logger)
